Using pre-set license
Built from '2022.3/staging' branch; Version is '2022.3.62f1 (4af31df58517) revision 4911901'; Using compiler version '192829333'; Build Type 'Release'
OS: 'Windows 11  (10.0.26100) 64bit CoreSingleLanguage' Language: 'en' Physical Memory: 16024 MB
BatchMode: 1, IsHumanControllingUs: 0, StartBugReporterOnCrash: 0, Is64bit: 1, IsPro: 1

COMMAND LINE ARGUMENTS:
C:\Program Files\Unity\Hub\Editor\2022.3.62f1\Editor\Unity.exe
-adb2
-batchMode
-noUpm
-name
AssetImportWorker0
-projectPath
C:/HOPE/HOPE1/My project
-logFile
Logs/AssetImportWorker0.log
-srvPort
56354
Successfully changed project path to: C:/HOPE/HOPE1/My project
C:/HOPE/HOPE1/My project
[UnityMemory] Configuration Parameters - Can be set up in boot.config
    "memorysetup-bucket-allocator-granularity=16"
    "memorysetup-bucket-allocator-bucket-count=8"
    "memorysetup-bucket-allocator-block-size=33554432"
    "memorysetup-bucket-allocator-block-count=8"
    "memorysetup-main-allocator-block-size=16777216"
    "memorysetup-thread-allocator-block-size=16777216"
    "memorysetup-gfx-main-allocator-block-size=16777216"
    "memorysetup-gfx-thread-allocator-block-size=16777216"
    "memorysetup-cache-allocator-block-size=4194304"
    "memorysetup-typetree-allocator-block-size=2097152"
    "memorysetup-profiler-bucket-allocator-granularity=16"
    "memorysetup-profiler-bucket-allocator-bucket-count=8"
    "memorysetup-profiler-bucket-allocator-block-size=33554432"
    "memorysetup-profiler-bucket-allocator-block-count=8"
    "memorysetup-profiler-allocator-block-size=16777216"
    "memorysetup-profiler-editor-allocator-block-size=1048576"
    "memorysetup-temp-allocator-size-main=16777216"
    "memorysetup-job-temp-allocator-block-size=2097152"
    "memorysetup-job-temp-allocator-block-size-background=1048576"
    "memorysetup-job-temp-allocator-reduction-small-platforms=262144"
    "memorysetup-allocator-temp-initial-block-size-main=262144"
    "memorysetup-allocator-temp-initial-block-size-worker=262144"
    "memorysetup-temp-allocator-size-background-worker=32768"
    "memorysetup-temp-allocator-size-job-worker=262144"
    "memorysetup-temp-allocator-size-preload-manager=33554432"
    "memorysetup-temp-allocator-size-nav-mesh-worker=65536"
    "memorysetup-temp-allocator-size-audio-worker=65536"
    "memorysetup-temp-allocator-size-cloud-worker=32768"
    "memorysetup-temp-allocator-size-gi-baking-worker=262144"
    "memorysetup-temp-allocator-size-gfx=262144"
Player connection [12440]  Target information:

Player connection [12440]  * "[IP] 10.220.158.36 [Port] 0 [Flags] 2 [Guid] 309322881 [EditorId] 309322881 [Version] 1048832 [Id] WindowsEditor(7,LAPTOP-FHN5G9OJ) [Debug] 1 [PackageName] WindowsEditor [ProjectName] Editor" 

Player connection [12440] Host joined multi-casting on [225.0.0.222:54997]...
Player connection [12440] Host joined alternative multi-casting on [225.0.0.222:34997]...
Input System module state changed to: Initialized.
[PhysX] Initialized MultithreadedTaskDispatcher with 12 workers.
Refreshing native plugins compatible for Editor in 15.24 ms, found 4 plugins.
Preloading 0 native plugins for Editor in 0.00 ms.
Initialize engine version: 2022.3.62f1 (4af31df58517)
[Subsystems] Discovering subsystems at path C:/Program Files/Unity/Hub/Editor/2022.3.62f1/Editor/Data/Resources/UnitySubsystems
[Subsystems] Discovering subsystems at path C:/HOPE/HOPE1/My project/Assets
GfxDevice: creating device client; threaded=0; jobified=0
Direct3D:
    Version:  Direct3D 11.0 [level 11.1]
    Renderer: NVIDIA GeForce RTX 4050 Laptop GPU (ID=0x28a1)
    Vendor:   NVIDIA
    VRAM:     5921 MB
    Driver:   32.0.15.7703
Initialize mono
Mono path[0] = 'C:/Program Files/Unity/Hub/Editor/2022.3.62f1/Editor/Data/Managed'
Mono path[1] = 'C:/Program Files/Unity/Hub/Editor/2022.3.62f1/Editor/Data/MonoBleedingEdge/lib/mono/unityjit-win32'
Mono config path = 'C:/Program Files/Unity/Hub/Editor/2022.3.62f1/Editor/Data/MonoBleedingEdge/etc'
Using monoOptions --debugger-agent=transport=dt_socket,embedding=1,server=y,suspend=n,address=127.0.0.1:56100
Begin MonoManager ReloadAssembly
Registering precompiled unity dll's ...
Register platform support module: C:/Program Files/Unity/Hub/Editor/2022.3.62f1/Editor/Data/PlaybackEngines/WebGLSupport/UnityEditor.WebGL.Extensions.dll
Register platform support module: C:/Program Files/Unity/Hub/Editor/2022.3.62f1/Editor/Data/PlaybackEngines/AndroidPlayer/UnityEditor.Android.Extensions.dll
Register platform support module: C:/Program Files/Unity/Hub/Editor/2022.3.62f1/Editor/Data/PlaybackEngines/WindowsStandaloneSupport/UnityEditor.WindowsStandalone.Extensions.dll
Register platform support module: C:/Program Files/Unity/Hub/Editor/2022.3.62f1/Editor/Data/PlaybackEngines/MetroSupport/UnityEditor.UWP.Extensions.dll
Registered in 0.027210 seconds.
- Loaded All Assemblies, in  0.603 seconds
Native extension for UWP target not found
Native extension for WindowsStandalone target not found
Native extension for Android target not found
Android Extension - Scanning For ADB Devices 536 ms
Native extension for WebGL target not found
Mono: successfully reloaded assembly
- Finished resetting the current domain, in  0.971 seconds
Domain Reload Profiling: 1571ms
	BeginReloadAssembly (191ms)
		ExecutionOrderSort (0ms)
		DisableScriptedObjects (0ms)
		BackupInstance (0ms)
		ReleaseScriptingObjects (0ms)
		CreateAndSetChildDomain (1ms)
	RebuildCommonClasses (42ms)
	RebuildNativeTypeToScriptingClass (12ms)
	initialDomainReloadingComplete (101ms)
	LoadAllAssembliesAndSetupDomain (252ms)
		LoadAssemblies (200ms)
		RebuildTransferFunctionScriptingTraits (0ms)
		AnalyzeDomain (238ms)
			TypeCache.Refresh (236ms)
				TypeCache.ScanAssembly (215ms)
			ScanForSourceGeneratedMonoScriptInfo (1ms)
			ResolveRequiredComponents (1ms)
	FinalizeReload (972ms)
		ReleaseScriptCaches (0ms)
		RebuildScriptCaches (0ms)
		SetupLoadedEditorAssemblies (909ms)
			LogAssemblyErrors (0ms)
			InitializePlatformSupportModulesInManaged (665ms)
			SetLoadedEditorAssemblies (6ms)
			RefreshPlugins (0ms)
			BeforeProcessingInitializeOnLoad (3ms)
			ProcessInitializeOnLoadAttributes (177ms)
			ProcessInitializeOnLoadMethodAttributes (57ms)
			AfterProcessingInitializeOnLoad (0ms)
			EditorAssembliesLoaded (0ms)
		ExecutionOrderSort2 (0ms)
		AwakeInstancesAfterBackupRestoration (0ms)
========================================================================
Worker process is ready to serve import requests
Caller must complete domain reload
Begin MonoManager ReloadAssembly
- Loaded All Assemblies, in  1.207 seconds
Native extension for UWP target not found
Native extension for WindowsStandalone target not found
Native extension for Android target not found
Native extension for WebGL target not found
Mono: successfully reloaded assembly
- Finished resetting the current domain, in  1.894 seconds
Domain Reload Profiling: 3097ms
	BeginReloadAssembly (199ms)
		ExecutionOrderSort (0ms)
		DisableScriptedObjects (6ms)
		BackupInstance (0ms)
		ReleaseScriptingObjects (0ms)
		CreateAndSetChildDomain (29ms)
	RebuildCommonClasses (47ms)
	RebuildNativeTypeToScriptingClass (13ms)
	initialDomainReloadingComplete (52ms)
	LoadAllAssembliesAndSetupDomain (892ms)
		LoadAssemblies (647ms)
		RebuildTransferFunctionScriptingTraits (0ms)
		AnalyzeDomain (366ms)
			TypeCache.Refresh (304ms)
				TypeCache.ScanAssembly (280ms)
			ScanForSourceGeneratedMonoScriptInfo (44ms)
			ResolveRequiredComponents (16ms)
	FinalizeReload (1894ms)
		ReleaseScriptCaches (0ms)
		RebuildScriptCaches (0ms)
		SetupLoadedEditorAssemblies (1627ms)
			LogAssemblyErrors (0ms)
			InitializePlatformSupportModulesInManaged (35ms)
			SetLoadedEditorAssemblies (6ms)
			RefreshPlugins (0ms)
			BeforeProcessingInitializeOnLoad (133ms)
			ProcessInitializeOnLoadAttributes (1364ms)
			ProcessInitializeOnLoadMethodAttributes (83ms)
			AfterProcessingInitializeOnLoad (7ms)
			EditorAssembliesLoaded (0ms)
		ExecutionOrderSort2 (0ms)
		AwakeInstancesAfterBackupRestoration (4ms)
Launched and connected shader compiler UnityShaderCompiler.exe after 0.09 seconds
Refreshing native plugins compatible for Editor in 19.43 ms, found 4 plugins.
Preloading 0 native plugins for Editor in 0.00 ms.
Unloading 6383 Unused Serialized files (Serialized files now loaded: 0)
Unloading 91 unused Assets / (3.5 MB). Loaded Objects now: 6811.
Memory consumption went from 239.0 MB to 235.6 MB.
Total: 6.943100 ms (FindLiveObjects: 0.382500 ms CreateObjectMapping: 0.291400 ms MarkObjects: 4.951700 ms  DeleteObjects: 1.315900 ms)

AssetImportParameters requested are different than current active one (requested -> active):
  custom:container-demuxer-ogg: 62fdf1f143b41e24485cea50d1cbac27 -> 
  custom:framework-win-MediaFoundation: 216162199b28c13a410421893ffa2e32 -> 
  custom:container-muxer-webm: aa71ff27fc2769a1b78a27578f13a17b -> 
  custom:video-decoder-webm-vp8: 9c59270c3fd7afecdb556c50c9e8de78 -> 
  custom:SearchIndexIgnoredProperties: e643bd26f0fe6173181afceb89e7c659 -> 
  custom:AudioImporter_EditorPlatform: d09bf68614088b80899f8185d706f6e7 -> 
  custom:audio-decoder-ogg-vorbis: bf7c407c2cedff20999df2af8eb42d56 -> 
  custom:audio-encoder-webm-vorbis: bf7c407c2cedff20999df2af8eb42d56 -> 
  custom:video-codec-MediaFoundation-h265: 746d11721c4dcdbdad8f713fa42b33f4 -> 
  custom:video-decoder-ogg-theora: a1e56fd34408186e4bbccfd4996cb3dc -> 
  custom:CustomObjectIndexerAttribute: 72b91833f83ae208fae7752999fa3104 -> 
  custom:container-demuxer-webm: 4f35f7cbe854078d1ac9338744f61a02 -> 
  custom:video-encoder-webm-vp8: eb34c28f22e8b96e1ab97ce403110664 -> 
========================================================================
Received Import Request.
  Time since last request: 81248.949926 seconds.
  path: Assets/Pause Panel/5 1.png
  artifactKey: Guid(69e7f153417457846a632e108d4228d9) Importer(815301076,1909f56bfc062723c751e8b465ee728b)
Start importing Assets/Pause Panel/5 1.png using Guid(69e7f153417457846a632e108d4228d9) Importer(815301076,1909f56bfc062723c751e8b465ee728b) [PhysX] Initialized MultithreadedTaskDispatcher with 12 workers.
[PhysX] Initialized MultithreadedTaskDispatcher with 12 workers.
 -> (artifact id: '572967792c326ba3af0a0030ff943a12') in 0.126621 seconds
Number of updated asset objects reloaded before import = 0
Number of asset objects unloaded after import = 3
========================================================================
Received Import Request.
  Time since last request: 0.000049 seconds.
  path: Assets/Arts/Fonts/m5x7 SDF.asset
  artifactKey: Guid(ced52afe26e8b11408d6b4ed8c07d67c) Importer(815301076,1909f56bfc062723c751e8b465ee728b)
Start importing Assets/Arts/Fonts/m5x7 SDF.asset using Guid(ced52afe26e8b11408d6b4ed8c07d67c) Importer(815301076,1909f56bfc062723c751e8b465ee728b) [PhysX] Initialized MultithreadedTaskDispatcher with 12 workers.
[PhysX] Initialized MultithreadedTaskDispatcher with 12 workers.
[PhysX] Initialized MultithreadedTaskDispatcher with 12 workers.
 -> (artifact id: 'a8c656e7b84411d415567d776e91a6c1') in 0.249085 seconds
Number of updated asset objects reloaded before import = 0
Number of asset objects unloaded after import = 24
========================================================================
Received Import Request.
  Time since last request: 0.000032 seconds.
  path: Assets/Arts/Background/Background.png
  artifactKey: Guid(86aa3574e53ab1e4d996e7aecdfa288f) Importer(815301076,1909f56bfc062723c751e8b465ee728b)
Start importing Assets/Arts/Background/Background.png using Guid(86aa3574e53ab1e4d996e7aecdfa288f) Importer(815301076,1909f56bfc062723c751e8b465ee728b) [PhysX] Initialized MultithreadedTaskDispatcher with 12 workers.
[PhysX] Initialized MultithreadedTaskDispatcher with 12 workers.
 -> (artifact id: 'eb4a32780afa7ba2eb2475848b2b7ca0') in 0.012875 seconds
Number of updated asset objects reloaded before import = 0
Number of asset objects unloaded after import = 3
========================================================================
Received Import Request.
  Time since last request: 0.000037 seconds.
  path: Assets/Pause Panel/7.png
  artifactKey: Guid(ebdc8b00edb171e4780b0baeecb719f7) Importer(815301076,1909f56bfc062723c751e8b465ee728b)
Start importing Assets/Pause Panel/7.png using Guid(ebdc8b00edb171e4780b0baeecb719f7) Importer(815301076,1909f56bfc062723c751e8b465ee728b) [PhysX] Initialized MultithreadedTaskDispatcher with 12 workers.
[PhysX] Initialized MultithreadedTaskDispatcher with 12 workers.
 -> (artifact id: '128710b01315ad509fafab21cecb977d') in 0.015609 seconds
Number of updated asset objects reloaded before import = 0
Number of asset objects unloaded after import = 3
========================================================================
Received Import Request.
  Time since last request: 0.000027 seconds.
  path: Assets/Arts/Fonts/BLKCHCRY SDF.asset
  artifactKey: Guid(874b266ccb8bd93469caee989e215d08) Importer(815301076,1909f56bfc062723c751e8b465ee728b)
Start importing Assets/Arts/Fonts/BLKCHCRY SDF.asset using Guid(874b266ccb8bd93469caee989e215d08) Importer(815301076,1909f56bfc062723c751e8b465ee728b) [PhysX] Initialized MultithreadedTaskDispatcher with 12 workers.
[PhysX] Initialized MultithreadedTaskDispatcher with 12 workers.
[PhysX] Initialized MultithreadedTaskDispatcher with 12 workers.
 -> (artifact id: '3ea23247f8ccbb46affb4c4275c0a1a7') in 0.021590 seconds
Number of updated asset objects reloaded before import = 0
Number of asset objects unloaded after import = 7
========================================================================
Received Import Request.
  Time since last request: 0.000026 seconds.
  path: Assets/Arts/Background/Background.aseprite
  artifactKey: Guid(4f8aee5e4e2598745b5288c0aafee083) Importer(815301076,1909f56bfc062723c751e8b465ee728b)
Start importing Assets/Arts/Background/Background.aseprite using Guid(4f8aee5e4e2598745b5288c0aafee083) Importer(815301076,1909f56bfc062723c751e8b465ee728b) [PhysX] Initialized MultithreadedTaskDispatcher with 12 workers.
[PhysX] Initialized MultithreadedTaskDispatcher with 12 workers.
[PhysX] Initialized MultithreadedTaskDispatcher with 12 workers.
 -> (artifact id: 'e38a06512db666daab33221c20b76d82') in 0.041187 seconds
Number of updated asset objects reloaded before import = 0
Number of asset objects unloaded after import = 8
========================================================================
Received Import Request.
  Time since last request: 5.064699 seconds.
  path: Assets/Assets/Tiles.aseprite
  artifactKey: Guid(956378a85334d564d8944725ca7dd7ee) Importer(815301076,1909f56bfc062723c751e8b465ee728b)
Start importing Assets/Assets/Tiles.aseprite using Guid(956378a85334d564d8944725ca7dd7ee) Importer(815301076,1909f56bfc062723c751e8b465ee728b) [PhysX] Initialized MultithreadedTaskDispatcher with 12 workers.
[PhysX] Initialized MultithreadedTaskDispatcher with 12 workers.
[PhysX] Initialized MultithreadedTaskDispatcher with 12 workers.
 -> (artifact id: 'c657db1524d4f21b88bc25a34ada769c') in 0.029150 seconds
Number of updated asset objects reloaded before import = 0
Number of asset objects unloaded after import = 8
========================================================================
Received Import Request.
  Time since last request: 4.291671 seconds.
  path: Assets/Assets Level1/Boss/DarkBoss/dark fantasy big boss attack 2 miss.png
  artifactKey: Guid(fd0fefe91479a2a49b228a879b19bfcb) Importer(815301076,1909f56bfc062723c751e8b465ee728b)
Start importing Assets/Assets Level1/Boss/DarkBoss/dark fantasy big boss attack 2 miss.png using Guid(fd0fefe91479a2a49b228a879b19bfcb) Importer(815301076,1909f56bfc062723c751e8b465ee728b) [PhysX] Initialized MultithreadedTaskDispatcher with 12 workers.
[PhysX] Initialized MultithreadedTaskDispatcher with 12 workers.
 -> (artifact id: 'eecc767c6ff662bcdabdf3a2901e3595') in 0.010779 seconds
Number of updated asset objects reloaded before import = 0
Number of asset objects unloaded after import = 3
========================================================================
Received Import Request.
  Time since last request: 0.000028 seconds.
  path: Assets/Assets Level1/Boss/DarkBoss/dark fantasy big boss walk.png
  artifactKey: Guid(2c44dc034dd173c43b7e1502f55de818) Importer(815301076,1909f56bfc062723c751e8b465ee728b)
Start importing Assets/Assets Level1/Boss/DarkBoss/dark fantasy big boss walk.png using Guid(2c44dc034dd173c43b7e1502f55de818) Importer(815301076,1909f56bfc062723c751e8b465ee728b) [PhysX] Initialized MultithreadedTaskDispatcher with 12 workers.
[PhysX] Initialized MultithreadedTaskDispatcher with 12 workers.
 -> (artifact id: '71f246afbd993735b1a2f918a2d7d3ab') in 0.071124 seconds
Number of updated asset objects reloaded before import = 0
Number of asset objects unloaded after import = 18
========================================================================
Received Import Request.
  Time since last request: 0.000032 seconds.
  path: Assets/Assets Level1/Boss/DarkBoss/dark fantasy big boss idle_0.prefab
  artifactKey: Guid(2fca86ecebc419148aad5dcb3811a23e) Importer(815301076,1909f56bfc062723c751e8b465ee728b)
Start importing Assets/Assets Level1/Boss/DarkBoss/dark fantasy big boss idle_0.prefab using Guid(2fca86ecebc419148aad5dcb3811a23e) Importer(815301076,1909f56bfc062723c751e8b465ee728b) [PhysX] Initialized MultithreadedTaskDispatcher with 12 workers.
[PhysX] Initialized MultithreadedTaskDispatcher with 12 workers.
 -> (artifact id: '1ca19a988e67bdbb04ff6bd87361b53c') in 0.012056 seconds
Number of updated asset objects reloaded before import = 0
Number of asset objects unloaded after import = 9
========================================================================
Received Import Request.
  Time since last request: 0.000036 seconds.
  path: Assets/Assets Level1/Boss/DarkBoss/dark fantasy big boss hit.png
  artifactKey: Guid(593ee3c70e82aed46a9ae9fe103aa554) Importer(815301076,1909f56bfc062723c751e8b465ee728b)
Start importing Assets/Assets Level1/Boss/DarkBoss/dark fantasy big boss hit.png using Guid(593ee3c70e82aed46a9ae9fe103aa554) Importer(815301076,1909f56bfc062723c751e8b465ee728b) [PhysX] Initialized MultithreadedTaskDispatcher with 12 workers.
[PhysX] Initialized MultithreadedTaskDispatcher with 12 workers.
 -> (artifact id: '1f6649d79ee234c9bbb7ffc75d4e3159') in 0.021244 seconds
Number of updated asset objects reloaded before import = 0
Number of asset objects unloaded after import = 5
========================================================================
Received Import Request.
  Time since last request: 0.000046 seconds.
  path: Assets/Assets Level1/Boss/DarkBoss/dark fantasy big boss attack 2b.png
  artifactKey: Guid(9d40937913baf9044bd5284cb3b7bdb4) Importer(815301076,1909f56bfc062723c751e8b465ee728b)
Start importing Assets/Assets Level1/Boss/DarkBoss/dark fantasy big boss attack 2b.png using Guid(9d40937913baf9044bd5284cb3b7bdb4) Importer(815301076,1909f56bfc062723c751e8b465ee728b) [PhysX] Initialized MultithreadedTaskDispatcher with 12 workers.
[PhysX] Initialized MultithreadedTaskDispatcher with 12 workers.
 -> (artifact id: '466051f432a94f927a014503ca6d059a') in 0.064405 seconds
Number of updated asset objects reloaded before import = 0
Number of asset objects unloaded after import = 18
========================================================================
Received Import Request.
  Time since last request: 3.480376 seconds.
  path: Assets/Assets Level1/Level1 Assets/Necromancer_creativekind-Sheet (1).png
  artifactKey: Guid(e5c25171acaeadc4a9fda0fb594c9229) Importer(815301076,1909f56bfc062723c751e8b465ee728b)
Start importing Assets/Assets Level1/Level1 Assets/Necromancer_creativekind-Sheet (1).png using Guid(e5c25171acaeadc4a9fda0fb594c9229) Importer(815301076,1909f56bfc062723c751e8b465ee728b) [PhysX] Initialized MultithreadedTaskDispatcher with 12 workers.
[PhysX] Initialized MultithreadedTaskDispatcher with 12 workers.
 -> (artifact id: '43f09460472fcc4fb5e7cdbedee5bc57') in 0.443528 seconds
Number of updated asset objects reloaded before import = 0
Number of asset objects unloaded after import = 140
========================================================================
Received Import Request.
  Time since last request: 2.251864 seconds.
  path: Assets/Assets Level1/TheForestSpirit/TheForestSpirit-Attack.png
  artifactKey: Guid(327bce44c4db21543b9dec0ae09ac471) Importer(815301076,1909f56bfc062723c751e8b465ee728b)
Start importing Assets/Assets Level1/TheForestSpirit/TheForestSpirit-Attack.png using Guid(327bce44c4db21543b9dec0ae09ac471) Importer(815301076,1909f56bfc062723c751e8b465ee728b) [PhysX] Initialized MultithreadedTaskDispatcher with 12 workers.
[PhysX] Initialized MultithreadedTaskDispatcher with 12 workers.
 -> (artifact id: 'f0be1214a5a9867edad96ee31a5d75f9') in 0.029286 seconds
Number of updated asset objects reloaded before import = 0
Number of asset objects unloaded after import = 7
========================================================================
Received Import Request.
  Time since last request: 0.000037 seconds.
  path: Assets/Assets Level1/TheForestSpirit/TheForestSpirit-Hurt.png
  artifactKey: Guid(8cc1f74c622c89a4c8925042feb97e44) Importer(815301076,1909f56bfc062723c751e8b465ee728b)
Start importing Assets/Assets Level1/TheForestSpirit/TheForestSpirit-Hurt.png using Guid(8cc1f74c622c89a4c8925042feb97e44) Importer(815301076,1909f56bfc062723c751e8b465ee728b) [PhysX] Initialized MultithreadedTaskDispatcher with 12 workers.
[PhysX] Initialized MultithreadedTaskDispatcher with 12 workers.
 -> (artifact id: '5c7721586ba4cb41c132589639cbc168') in 0.019194 seconds
Number of updated asset objects reloaded before import = 0
Number of asset objects unloaded after import = 5
========================================================================
Received Import Request.
  Time since last request: 0.000026 seconds.
  path: Assets/Assets Level1/TheForestSpirit/TheForestSpirit-Walk.png
  artifactKey: Guid(06650e23f988f1e48898cede3334fd3a) Importer(815301076,1909f56bfc062723c751e8b465ee728b)
Start importing Assets/Assets Level1/TheForestSpirit/TheForestSpirit-Walk.png using Guid(06650e23f988f1e48898cede3334fd3a) Importer(815301076,1909f56bfc062723c751e8b465ee728b) [PhysX] Initialized MultithreadedTaskDispatcher with 12 workers.
[PhysX] Initialized MultithreadedTaskDispatcher with 12 workers.
 -> (artifact id: '53e17a5f2264f19b546b78dab6611a29') in 0.014434 seconds
Number of updated asset objects reloaded before import = 0
Number of asset objects unloaded after import = 3
========================================================================
Received Import Request.
  Time since last request: 0.000031 seconds.
  path: Assets/Assets Level1/TheForestSpirit/TheForestSpirit-Sit Down.png
  artifactKey: Guid(ec2e560e62dc3e2419e338c03529fc09) Importer(815301076,1909f56bfc062723c751e8b465ee728b)
Start importing Assets/Assets Level1/TheForestSpirit/TheForestSpirit-Sit Down.png using Guid(ec2e560e62dc3e2419e338c03529fc09) Importer(815301076,1909f56bfc062723c751e8b465ee728b) [PhysX] Initialized MultithreadedTaskDispatcher with 12 workers.
[PhysX] Initialized MultithreadedTaskDispatcher with 12 workers.
 -> (artifact id: 'd2f8f098c72909f2abd872f226a38f8e') in 0.015260 seconds
Number of updated asset objects reloaded before import = 0
Number of asset objects unloaded after import = 3
========================================================================
Received Import Request.
  Time since last request: 0.000032 seconds.
  path: Assets/Assets Level1/TheForestSpirit/TheForestSpirit-Jump Start.png
  artifactKey: Guid(4fbd978a878602747a67cfe7087eae77) Importer(815301076,1909f56bfc062723c751e8b465ee728b)
Start importing Assets/Assets Level1/TheForestSpirit/TheForestSpirit-Jump Start.png using Guid(4fbd978a878602747a67cfe7087eae77) Importer(815301076,1909f56bfc062723c751e8b465ee728b) [PhysX] Initialized MultithreadedTaskDispatcher with 12 workers.
[PhysX] Initialized MultithreadedTaskDispatcher with 12 workers.
 -> (artifact id: '253985fd9eb2d945d533a04ee8858b36') in 0.012504 seconds
Number of updated asset objects reloaded before import = 0
Number of asset objects unloaded after import = 3
========================================================================
Received Import Request.
  Time since last request: 0.000027 seconds.
  path: Assets/Assets Level1/TheForestSpirit/TheForestSpirit-Idle.png
  artifactKey: Guid(b509e34f7b48a0a43ae609ee5e6fd714) Importer(815301076,1909f56bfc062723c751e8b465ee728b)
Start importing Assets/Assets Level1/TheForestSpirit/TheForestSpirit-Idle.png using Guid(b509e34f7b48a0a43ae609ee5e6fd714) Importer(815301076,1909f56bfc062723c751e8b465ee728b) [PhysX] Initialized MultithreadedTaskDispatcher with 12 workers.
[PhysX] Initialized MultithreadedTaskDispatcher with 12 workers.
 -> (artifact id: '888bae14dcc496be944ef92a221fefc9') in 0.025531 seconds
Number of updated asset objects reloaded before import = 0
Number of asset objects unloaded after import = 7
========================================================================
Received Import Request.
  Time since last request: 0.000027 seconds.
  path: Assets/Assets Level1/TheForestSpirit/TheForestSpirit-Land Jump.png
  artifactKey: Guid(bdc3da40d3a5ad74d92b2932031b25b0) Importer(815301076,1909f56bfc062723c751e8b465ee728b)
Start importing Assets/Assets Level1/TheForestSpirit/TheForestSpirit-Land Jump.png using Guid(bdc3da40d3a5ad74d92b2932031b25b0) Importer(815301076,1909f56bfc062723c751e8b465ee728b) [PhysX] Initialized MultithreadedTaskDispatcher with 12 workers.
[PhysX] Initialized MultithreadedTaskDispatcher with 12 workers.
 -> (artifact id: '7b9501b196ca91211ee1974bb23eb2eb') in 0.013121 seconds
Number of updated asset objects reloaded before import = 0
Number of asset objects unloaded after import = 3
========================================================================
Received Import Request.
  Time since last request: 0.000035 seconds.
  path: Assets/Assets Level1/TheForestSpirit/TheForestSpirit-Rising.png
  artifactKey: Guid(de75cb8618d8ff545b62bd8d2e7b99f8) Importer(815301076,1909f56bfc062723c751e8b465ee728b)
Start importing Assets/Assets Level1/TheForestSpirit/TheForestSpirit-Rising.png using Guid(de75cb8618d8ff545b62bd8d2e7b99f8) Importer(815301076,1909f56bfc062723c751e8b465ee728b) [PhysX] Initialized MultithreadedTaskDispatcher with 12 workers.
[PhysX] Initialized MultithreadedTaskDispatcher with 12 workers.
 -> (artifact id: 'ae5b919d530c07330b296d6ae4da618c') in 0.011821 seconds
Number of updated asset objects reloaded before import = 0
Number of asset objects unloaded after import = 3
========================================================================
Received Import Request.
  Time since last request: 0.000034 seconds.
  path: Assets/Assets Level1/TheForestSpirit/TheForestSpirit-Sleep.png
  artifactKey: Guid(8e862bfac461d7349a04516a67dcc18f) Importer(815301076,1909f56bfc062723c751e8b465ee728b)
Start importing Assets/Assets Level1/TheForestSpirit/TheForestSpirit-Sleep.png using Guid(8e862bfac461d7349a04516a67dcc18f) Importer(815301076,1909f56bfc062723c751e8b465ee728b) [PhysX] Initialized MultithreadedTaskDispatcher with 12 workers.
[PhysX] Initialized MultithreadedTaskDispatcher with 12 workers.
 -> (artifact id: 'c317a604bf9a387bab34f7a1ce813a97') in 0.011465 seconds
Number of updated asset objects reloaded before import = 0
Number of asset objects unloaded after import = 3
========================================================================
Received Import Request.
  Time since last request: 2.146064 seconds.
  path: Assets/BossDark/pack 3 monster 1.aseprite
  artifactKey: Guid(4bf9e8bdcb4e0194697ea5f4190e9c46) Importer(815301076,1909f56bfc062723c751e8b465ee728b)
Start importing Assets/BossDark/pack 3 monster 1.aseprite using Guid(4bf9e8bdcb4e0194697ea5f4190e9c46) Importer(815301076,1909f56bfc062723c751e8b465ee728b) [PhysX] Initialized MultithreadedTaskDispatcher with 12 workers.
[PhysX] Initialized MultithreadedTaskDispatcher with 12 workers.
[PhysX] Initialized MultithreadedTaskDispatcher with 12 workers.
 -> (artifact id: '9a32611cfd9b48028b06c59e37ac74cc') in 0.248343 seconds
Number of updated asset objects reloaded before import = 0
Number of asset objects unloaded after import = 99
========================================================================
Received Import Request.
  Time since last request: 15.410767 seconds.
  path: Assets/Dark Forest/prefab/Boss Projectile.prefab
  artifactKey: Guid(44d4c17bd49e31c46bd7540b1bf399a2) Importer(815301076,1909f56bfc062723c751e8b465ee728b)
Start importing Assets/Dark Forest/prefab/Boss Projectile.prefab using Guid(44d4c17bd49e31c46bd7540b1bf399a2) Importer(815301076,1909f56bfc062723c751e8b465ee728b) [PhysX] Initialized MultithreadedTaskDispatcher with 12 workers.
 -> (artifact id: 'b427dc3a456128282c5a299c36f51e37') in 0.002865 seconds
Number of updated asset objects reloaded before import = 0
Number of asset objects unloaded after import = 8
========================================================================
Received Import Request.
  Time since last request: 0.000031 seconds.
  path: Assets/Dark Forest/prefab/Global Volume.prefab
  artifactKey: Guid(0bb8356ae2ad9a9498112a131fbe83bd) Importer(815301076,1909f56bfc062723c751e8b465ee728b)
Start importing Assets/Dark Forest/prefab/Global Volume.prefab using Guid(0bb8356ae2ad9a9498112a131fbe83bd) Importer(815301076,1909f56bfc062723c751e8b465ee728b) [PhysX] Initialized MultithreadedTaskDispatcher with 12 workers.
 -> (artifact id: 'ff91f562b9a7bfe21ec93f8386c1dc7b') in 0.006737 seconds
Number of updated asset objects reloaded before import = 0
Number of asset objects unloaded after import = 8
========================================================================
Received Import Request.
  Time since last request: 0.000038 seconds.
  path: Assets/Dark Forest/prefab/Global Volume 3.prefab
  artifactKey: Guid(658a935a81fbd3e4abed52776fb8b325) Importer(815301076,1909f56bfc062723c751e8b465ee728b)
Start importing Assets/Dark Forest/prefab/Global Volume 3.prefab using Guid(658a935a81fbd3e4abed52776fb8b325) Importer(815301076,1909f56bfc062723c751e8b465ee728b) [PhysX] Initialized MultithreadedTaskDispatcher with 12 workers.
 -> (artifact id: '444a6573539fe2d9ed454da0d22d1699') in 0.004754 seconds
Number of updated asset objects reloaded before import = 0
Number of asset objects unloaded after import = 7
========================================================================
Received Import Request.
  Time since last request: 0.000029 seconds.
  path: Assets/Dark Forest/prefab/Global Light 2D.prefab
  artifactKey: Guid(ea5c218d2d56f214ca644a5065cf0b1b) Importer(815301076,1909f56bfc062723c751e8b465ee728b)
Start importing Assets/Dark Forest/prefab/Global Light 2D.prefab using Guid(ea5c218d2d56f214ca644a5065cf0b1b) Importer(815301076,1909f56bfc062723c751e8b465ee728b) [PhysX] Initialized MultithreadedTaskDispatcher with 12 workers.
 -> (artifact id: '4475f623d5321f1665cae34eeb8fe806') in 0.006541 seconds
Number of updated asset objects reloaded before import = 0
Number of asset objects unloaded after import = 5
========================================================================
Received Import Request.
  Time since last request: 0.000045 seconds.
  path: Assets/Dark Forest/prefab/Global Volume 2.prefab
  artifactKey: Guid(993aa52797603dd479f34ff022a86113) Importer(815301076,1909f56bfc062723c751e8b465ee728b)
Start importing Assets/Dark Forest/prefab/Global Volume 2.prefab using Guid(993aa52797603dd479f34ff022a86113) Importer(815301076,1909f56bfc062723c751e8b465ee728b) [PhysX] Initialized MultithreadedTaskDispatcher with 12 workers.
 -> (artifact id: 'bc00aff573bbb694c58f231fdd6779a2') in 0.004265 seconds
Number of updated asset objects reloaded before import = 0
Number of asset objects unloaded after import = 7
========================================================================
Received Import Request.
  Time since last request: 6.132159 seconds.
  path: Assets/Dark Forest/URP/Global Volume (2) Profile.asset
  artifactKey: Guid(a9ce54c7f74b34046a7e8c9c83770570) Importer(815301076,1909f56bfc062723c751e8b465ee728b)
Start importing Assets/Dark Forest/URP/Global Volume (2) Profile.asset using Guid(a9ce54c7f74b34046a7e8c9c83770570) Importer(815301076,1909f56bfc062723c751e8b465ee728b) [PhysX] Initialized MultithreadedTaskDispatcher with 12 workers.
 -> (artifact id: 'eaddb43efaf5f99df5991f59e5d7da5e') in 0.001892 seconds
Number of updated asset objects reloaded before import = 0
Number of asset objects unloaded after import = 2
========================================================================
Received Import Request.
  Time since last request: 0.000028 seconds.
  path: Assets/Dark Forest/URP/UniversalRenderPipelineAsset.asset
  artifactKey: Guid(36c924a234fbb4548a956d4fe0b028c2) Importer(815301076,1909f56bfc062723c751e8b465ee728b)
Start importing Assets/Dark Forest/URP/UniversalRenderPipelineAsset.asset using Guid(36c924a234fbb4548a956d4fe0b028c2) Importer(815301076,1909f56bfc062723c751e8b465ee728b) [PhysX] Initialized MultithreadedTaskDispatcher with 12 workers.
 -> (artifact id: '9d5b8544024045c6869d59d3bda89aad') in 0.004550 seconds
Number of updated asset objects reloaded before import = 0
Number of asset objects unloaded after import = 2
========================================================================
Received Import Request.
  Time since last request: 7.958429 seconds.
  path: Assets/HUD/Base-01.png
  artifactKey: Guid(65602b391d5463a47b395b8da530a9f0) Importer(815301076,1909f56bfc062723c751e8b465ee728b)
Start importing Assets/HUD/Base-01.png using Guid(65602b391d5463a47b395b8da530a9f0) Importer(815301076,1909f56bfc062723c751e8b465ee728b) [PhysX] Initialized MultithreadedTaskDispatcher with 12 workers.
[PhysX] Initialized MultithreadedTaskDispatcher with 12 workers.
 -> (artifact id: 'ae3cd3c5ff36f7cb66a70d08cf307613') in 0.016951 seconds
Number of updated asset objects reloaded before import = 0
Number of asset objects unloaded after import = 3
========================================================================
Received Import Request.
  Time since last request: 8.362125 seconds.
  path: Assets/Settings/Renderer2D.asset
  artifactKey: Guid(424799608f7334c24bf367e4bbfa7f9a) Importer(815301076,1909f56bfc062723c751e8b465ee728b)
Start importing Assets/Settings/Renderer2D.asset using Guid(424799608f7334c24bf367e4bbfa7f9a) Importer(815301076,1909f56bfc062723c751e8b465ee728b) [PhysX] Initialized MultithreadedTaskDispatcher with 12 workers.
 -> (artifact id: 'c43fe485287c07fbb51f794729173b87') in 0.001011 seconds
Number of updated asset objects reloaded before import = 0
Number of asset objects unloaded after import = 0
========================================================================
Received Import Request.
  Time since last request: 10.032905 seconds.
  path: Assets/UI/Healthbar.prefab
  artifactKey: Guid(7987a8574edd91540ae8bcdcee30f117) Importer(815301076,1909f56bfc062723c751e8b465ee728b)
Start importing Assets/UI/Healthbar.prefab using Guid(7987a8574edd91540ae8bcdcee30f117) Importer(815301076,1909f56bfc062723c751e8b465ee728b) [PhysX] Initialized MultithreadedTaskDispatcher with 12 workers.
 -> (artifact id: '80721b440f230eb709f8dffec50643b6') in 0.032872 seconds
Number of updated asset objects reloaded before import = 0
Number of asset objects unloaded after import = 25
